#
# There is insufficient memory for the Java Runtime Environment to continue.
# Native memory allocation (malloc) failed to allocate 1048576 bytes for AllocateHeap
# Possible reasons:
#   The system is out of physical RAM or swap space
#   In 32 bit mode, the process size limit was hit
# Possible solutions:
#   Reduce memory load on the system
#   Increase physical memory or swap space
#   Check if swap backing store is full
#   Use 64 bit Java on a 64 bit OS
#   Decrease Java heap size (-Xmx/-Xms)
#   Decrease number of Java threads
#   Decrease Java thread stack sizes (-Xss)
#   Set larger code cache with -XX:ReservedCodeCacheSize=
# This output file may be truncated or incomplete.
#
#  Out of Memory Error (memory/allocation.inline.hpp:61), pid=32308, tid=0x0000000000003430
#
# JRE version:  (8.0_151-b12) (build )
# Java VM: Java HotSpot(TM) 64-Bit Server VM (25.151-b12 mixed mode windows-amd64 compressed oops)
# Failed to write core dump. Minidumps are not enabled by default on client versions of Windows
#

---------------  T H R E A D  ---------------

Current thread (0x000000000306e800):  JavaThread "Unknown thread" [_thread_in_vm, id=13360, stack(0x0000000003110000,0x0000000003210000)]

Stack: [0x0000000003110000,0x0000000003210000]
[error occurred during error reporting (printing stack bounds), id 0xc0000005]

Native frames: (J=compiled Java code, j=interpreted, Vv=VM code, C=native code)


---------------  P R O C E S S  ---------------

Java Threads: ( => current thread )

Other Threads:

=>0x000000000306e800 (exited) JavaThread "Unknown thread" [_thread_in_vm, id=13360, stack(0x0000000003110000,0x0000000003210000)]

VM state:not at safepoint (normal execution)

VM Mutex/Monitor currently owned by a thread: None

Heap:
 PSYoungGen      total 76288K, used 1310K [0x000000076b300000, 0x0000000770800000, 0x00000007c0000000)
  eden space 65536K, 2% used [0x000000076b300000,0x000000076b447af0,0x000000076f300000)
  from space 10752K, 0% used [0x000000076fd80000,0x000000076fd80000,0x0000000770800000)
  to   space 10752K, 0% used [0x000000076f300000,0x000000076f300000,0x000000076fd80000)
 ParOldGen       total 175104K, used 0K [0x00000006c1800000, 0x00000006cc300000, 0x000000076b300000)
  object space 175104K, 0% used [0x00000006c1800000,0x00000006c1800000,0x00000006cc300000)
 Metaspace       used 770K, capacity 4480K, committed 4480K, reserved 1056768K
  class space    used 75K, capacity 384K, committed 384K, reserved 1048576K

Card table byte_map: [0x0000000012860000,0x0000000013060000] byte_map_base: 0x000000000f254000

Marking Bits: (ParMarkBitMap*) 0x00000000688cd850
 Begin Bits: [0x0000000013db0000, 0x0000000017d50000)
 End Bits:   [0x0000000017d50000, 0x000000001bcf0000)

Polling page: 0x00000000017a0000

CodeCache: size=245760Kb used=328Kb max_used=328Kb free=245431Kb
 bounds [0x00000000034a0000, 0x0000000003710000, 0x00000000124a0000]
 total_blobs=58 nmethods=0 adapters=38
 compilation: enabled

Compilation events (0 events):
No events

GC Heap History (0 events):
No events

Deoptimization events (0 events):
No events

Internal exceptions (0 events):
No events

Events (10 events):
Event: 0.027 loading class java/lang/Short
Event: 0.027 loading class java/lang/Short done
Event: 0.027 loading class java/lang/Integer
Event: 0.027 loading class java/lang/Integer done
Event: 0.027 loading class java/lang/Long
Event: 0.027 loading class java/lang/Long done
Event: 0.028 loading class java/lang/NullPointerException
Event: 0.028 loading class java/lang/NullPointerException done
Event: 0.028 loading class java/lang/ArithmeticException
Event: 0.028 loading class java/lang/ArithmeticException done


Dynamic libraries:
0x00007ff6ab550000 - 0x00007ff6ab587000 	C:\Program Files\Java\jdk1.8.0_151\bin\java.exe
0x00007ffa4b760000 - 0x00007ffa4b950000 	C:\WINDOWS\SYSTEM32\ntdll.dll
0x00007ffa49f00000 - 0x00007ffa49fb2000 	C:\WINDOWS\System32\KERNEL32.DLL
0x00007ffa490e0000 - 0x00007ffa49385000 	C:\WINDOWS\System32\KERNELBASE.dll
0x00007ffa4aa20000 - 0x00007ffa4aac3000 	C:\WINDOWS\System32\ADVAPI32.dll
0x00007ffa4a0c0000 - 0x00007ffa4a15e000 	C:\WINDOWS\System32\msvcrt.dll
0x00007ffa49e60000 - 0x00007ffa49ef7000 	C:\WINDOWS\System32\sechost.dll
0x00007ffa4aad0000 - 0x00007ffa4abef000 	C:\WINDOWS\System32\RPCRT4.dll
0x00007ffa4ac20000 - 0x00007ffa4adb4000 	C:\WINDOWS\System32\USER32.dll
0x00007ffa490b0000 - 0x00007ffa490d1000 	C:\WINDOWS\System32\win32u.dll
0x00007ffa4b290000 - 0x00007ffa4b2b6000 	C:\WINDOWS\System32\GDI32.dll
0x00007ffa49420000 - 0x00007ffa495b8000 	C:\WINDOWS\System32\gdi32full.dll
0x00007ffa49610000 - 0x00007ffa496ae000 	C:\WINDOWS\System32\msvcp_win.dll
0x00007ffa48e60000 - 0x00007ffa48f5a000 	C:\WINDOWS\System32\ucrtbase.dll
0x00007ffa37a40000 - 0x00007ffa37cc4000 	C:\WINDOWS\WinSxS\amd64_microsoft.windows.common-controls_6595b64144ccf1df_6.0.18362.1316_none_9e7a364fe461dbd7\COMCTL32.dll
0x00007ffa4af40000 - 0x00007ffa4b277000 	C:\WINDOWS\System32\combase.dll
0x00007ffa496b0000 - 0x00007ffa49731000 	C:\WINDOWS\System32\bcryptPrimitives.dll
0x00007ffa4abf0000 - 0x00007ffa4ac1e000 	C:\WINDOWS\System32\IMM32.DLL
0x0000000068950000 - 0x0000000068a22000 	C:\Program Files\Java\jdk1.8.0_151\jre\bin\msvcr100.dll
0x00000000680b0000 - 0x000000006894d000 	C:\Program Files\Java\jdk1.8.0_151\jre\bin\server\jvm.dll
0x00007ffa4a160000 - 0x00007ffa4a168000 	C:\WINDOWS\System32\PSAPI.DLL
0x00007ffa44440000 - 0x00007ffa44464000 	C:\WINDOWS\SYSTEM32\WINMM.dll
0x00007ffa42250000 - 0x00007ffa4225a000 	C:\WINDOWS\SYSTEM32\VERSION.dll
0x00007ffa3fe90000 - 0x00007ffa3fe99000 	C:\WINDOWS\SYSTEM32\WSOCK32.dll
0x00007ffa4a9b0000 - 0x00007ffa4aa1f000 	C:\WINDOWS\System32\WS2_32.dll
0x00007ffa44410000 - 0x00007ffa4443d000 	C:\WINDOWS\SYSTEM32\winmmbase.dll
0x00007ffa495c0000 - 0x00007ffa4960a000 	C:\WINDOWS\System32\cfgmgr32.dll
0x00000000680a0000 - 0x00000000680af000 	C:\Program Files\Java\jdk1.8.0_151\jre\bin\verify.dll
0x0000000068070000 - 0x0000000068099000 	C:\Program Files\Java\jdk1.8.0_151\jre\bin\java.dll
0x0000000067fe0000 - 0x0000000068003000 	C:\Program Files\Java\jdk1.8.0_151\jre\bin\instrument.dll
0x0000000068050000 - 0x0000000068066000 	C:\Program Files\Java\jdk1.8.0_151\jre\bin\zip.dll

VM Arguments:
jvm_args: -ea -Didea.test.cyclic.buffer.size=1048576 -javaagent:C:\Program Files\JetBrains\IntelliJ IDEA Community Edition 2020.2\lib\idea_rt.jar=63642:C:\Program Files\JetBrains\IntelliJ IDEA Community Edition 2020.2\bin -Dfile.encoding=UTF-8 
java_command: com.intellij.rt.testng.RemoteTestNGStarter -usedefaultlisteners false -socket63641 @w@C:\Users\Admin\AppData\Local\Temp\idea_working_dirs_testng.tmp -temp C:\Users\Admin\AppData\Local\Temp\idea_testng.tmp
java_class_path (initial): C:\Program Files\JetBrains\IntelliJ IDEA Community Edition 2020.2\lib\idea_rt.jar;C:\Program Files\JetBrains\IntelliJ IDEA Community Edition 2020.2\plugins\testng\lib\testng-rt.jar;C:\Program Files\Java\jdk1.8.0_151\jre\lib\charsets.jar;C:\Program Files\Java\jdk1.8.0_151\jre\lib\deploy.jar;C:\Program Files\Java\jdk1.8.0_151\jre\lib\ext\access-bridge-64.jar;C:\Program Files\Java\jdk1.8.0_151\jre\lib\ext\cldrdata.jar;C:\Program Files\Java\jdk1.8.0_151\jre\lib\ext\dnsns.jar;C:\Program Files\Java\jdk1.8.0_151\jre\lib\ext\jaccess.jar;C:\Program Files\Java\jdk1.8.0_151\jre\lib\ext\jfxrt.jar;C:\Program Files\Java\jdk1.8.0_151\jre\lib\ext\localedata.jar;C:\Program Files\Java\jdk1.8.0_151\jre\lib\ext\nashorn.jar;C:\Program Files\Java\jdk1.8.0_151\jre\lib\ext\sunec.jar;C:\Program Files\Java\jdk1.8.0_151\jre\lib\ext\sunjce_provider.jar;C:\Program Files\Java\jdk1.8.0_151\jre\lib\ext\sunmscapi.jar;C:\Program Files\Java\jdk1.8.0_151\jre\lib\ext\sunpkcs11.jar;C:\Program Files\Java\jdk1.8.0_151\jre\lib\ext\zipfs.jar;C:\Program Files\Java\jdk1.8.0_151\jre\lib\javaws.jar;C:\Program Files\Java\jdk1.8.0_151\jre\lib\jce.jar;C:\Program Files\Java\jdk1.8.0_151\jre\lib\jfr.jar;C:\Program Files\Java\jdk1.8.0_151\jre\lib\jfxswt.jar;C:\Program Files\Java\jdk1.8.0_151\jre\lib\jsse.jar;C:\Program Files\Java\jdk1.8.0_151\jre\lib\management-agent.jar;C:\Program Files\Java\jdk1.8.0_151\jre\lib\plugin.jar;C:\Program Files\Java\jdk1.8.0_151\jre\lib\resources.jar;C:\Program Files\Java\jdk1.8.0_151\jre\lib\rt.jar;D:\MIKA\KERJA\XL\Automation\UI_Automation_Testing\target\classes;C:\Users\Admin\Downloads\selenium-server-standalone-3.141.59.jar;C:\Users\Admin\Downloads\selenium\libs\byte-buddy-1.8.15.jar;C:\Users\Admin\Downloads\selenium\libs\client-combined-3.141.59.jar;C:\Users\Admin\Downloads\selenium\libs\commons-exec-1.3.jar;C:\Users\Admin\Downloads\selenium\libs\guava-25.0-jre.jar;C:\Users\Admin\Downloads\selenium\libs\okhttp-3.11.0.jar;C:\Users\Admin\Downloads\selenium\
Launcher Type: SUN_STANDARD

Environment Variables:
JAVA_HOME=C:\Program Files\Java\jdk1.8.0_151
CLASSPATH=C:\TIBCO_UPDATE\tibrv\8.4\lib\tibrvnative.jar;
PATH=C:\WINDOWS\system32;C:\WINDOWS;C:\WINDOWS\System32\Wbem;C:\WINDOWS\System32\WindowsPowerShell\v1.0\;C:\WINDOWS\System32\OpenSSH\;C:\Program Files\Liquid Technologies\Liquid Studio 2020\XmlDataBinder18\Redist18\cpp\win32\bin;C:\Program Files\Liquid Technologies\Liquid Studio 2020\XmlDataBinder18\Redist18\cpp\win64\bin;C:\Program Files\nodejs\;C:\Users\Admin\AppData\Local\Programs\Microsoft VS Code\bin;C:\Windows\System32;C:\Program Files\RSA SecurID Token Common\;C:\Users\Admin\AppData\Roaming\npm;C:\Users\Admin\AppData\Local\Programs\Microsoft VS Code\bin;C:\Program Files\nodejs;C:\Program Files\GIMP 2\bin;
USERNAME=Admin
OS=Windows_NT
PROCESSOR_IDENTIFIER=Intel64 Family 6 Model 142 Stepping 10, GenuineIntel



---------------  S Y S T E M  ---------------

OS: Windows 10.0 , 64 bit Build 18362 (10.0.18362.1316)

CPU:total 8 (initial active 8) (4 cores per cpu, 2 threads per core) family 6 model 142 stepping 10, cmov, cx8, fxsr, mmx, sse, sse2, sse3, ssse3, sse4.1, sse4.2, popcnt, avx, avx2, aes, clmul, erms, 3dnowpref, lzcnt, ht, tsc, tscinvbit, bmi1, bmi2, adx

Memory: 4k page, physical 16674988k(2234760k free), swap 32662428k(5460k free)

vm_info: Java HotSpot(TM) 64-Bit Server VM (25.151-b12) for windows-amd64 JRE (1.8.0_151-b12), built on Sep  5 2017 19:33:46 by "java_re" with MS VC++ 10.0 (VS2010)

time: Mon Mar 08 21:00:48 2021
elapsed time: 0 seconds (0d 0h 0m 0s)

